<?xml version="1.0" encoding="UTF-8"?>
<testsuite xmlns:xsi="http://www.w3.org/2001/XMLSchema-instance" xsi:noNamespaceSchemaLocation="https://maven.apache.org/surefire/maven-surefire-plugin/xsd/surefire-test-report.xsd" name="com.sscp.core.mock.JcrResourceResolverTest" time="1.284" tests="1" errors="0" skipped="0" failures="0">
  <properties>
    <property name="sun.desktop" value="windows"/>
    <property name="awt.toolkit" value="sun.awt.windows.WToolkit"/>
    <property name="java.specification.version" value="11"/>
    <property name="sun.cpu.isalist" value="amd64"/>
    <property name="sun.jnu.encoding" value="Cp1252"/>
    <property name="java.class.path" value="C:\Users\sjakhar\.m2\repository\org\apache\maven\surefire\surefire-booter\2.22.1\surefire-booter-2.22.1.jar;C:\Users\sjakhar\.m2\repository\org\apache\maven\surefire\surefire-api\2.22.1\surefire-api-2.22.1.jar;C:\Users\sjakhar\.m2\repository\org\apache\maven\surefire\surefire-logger-api\2.22.1\surefire-logger-api-2.22.1.jar;C:\Users\sjakhar\GitProjects\digital-aem-sscp\core\target\test-classes;C:\Users\sjakhar\GitProjects\digital-aem-sscp\core\target\classes;C:\Users\sjakhar\.m2\repository\uk\org\lidalia\slf4j-test\1.0.1\slf4j-test-1.0.1.jar;C:\Users\sjakhar\.m2\repository\org\slf4j\slf4j-api\1.7.32\slf4j-api-1.7.32.jar;C:\Users\sjakhar\.m2\repository\uk\org\lidalia\lidalia-lang\1.0.0\lidalia-lang-1.0.0.jar;C:\Users\sjakhar\.m2\repository\uk\org\lidalia\lidalia-slf4j-ext\1.0.0\lidalia-slf4j-ext-1.0.0.jar;C:\Users\sjakhar\.m2\repository\joda-time\joda-time\2.10.13\joda-time-2.10.13.jar;C:\Users\sjakhar\.m2\repository\org\apache\maven\plugins\maven-checkstyle-plugin\3.1.1\maven-checkstyle-plugin-3.1.1.jar;C:\Users\sjakhar\.m2\repository\org\apache\maven\maven-artifact\3.0\maven-artifact-3.0.jar;C:\Users\sjakhar\.m2\repository\org\apache\maven\maven-core\3.0\maven-core-3.0.jar;C:\Users\sjakhar\.m2\repository\org\apache\maven\maven-settings\3.0\maven-settings-3.0.jar;C:\Users\sjakhar\.m2\repository\org\apache\maven\maven-settings-builder\3.0\maven-settings-builder-3.0.jar;C:\Users\sjakhar\.m2\repository\org\apache\maven\maven-repository-metadata\3.0\maven-repository-metadata-3.0.jar;C:\Users\sjakhar\.m2\repository\org\apache\maven\maven-model-builder\3.0\maven-model-builder-3.0.jar;C:\Users\sjakhar\.m2\repository\org\apache\maven\maven-aether-provider\3.0\maven-aether-provider-3.0.jar;C:\Users\sjakhar\.m2\repository\org\sonatype\aether\aether-impl\1.7\aether-impl-1.7.jar;C:\Users\sjakhar\.m2\repository\org\sonatype\aether\aether-spi\1.7\aether-spi-1.7.jar;C:\Users\sjakhar\.m2\repository\org\sonatype\aether\aether-api\1.7\aether-api-1.7.jar;C:\Users\sjakhar\.m2\repository\org\sonatype\aether\aether-util\1.7\aether-util-1.7.jar;C:\Users\sjakhar\.m2\repository\org\sonatype\sisu\sisu-inject-plexus\1.4.2\sisu-inject-plexus-1.4.2.jar;C:\Users\sjakhar\.m2\repository\org\sonatype\sisu\sisu-inject-bean\1.4.2\sisu-inject-bean-1.4.2.jar;C:\Users\sjakhar\.m2\repository\org\sonatype\sisu\sisu-guice\2.1.7\sisu-guice-2.1.7-noaop.jar;C:\Users\sjakhar\.m2\repository\org\codehaus\plexus\plexus-classworlds\2.2.3\plexus-classworlds-2.2.3.jar;C:\Users\sjakhar\.m2\repository\org\sonatype\plexus\plexus-sec-dispatcher\1.3\plexus-sec-dispatcher-1.3.jar;C:\Users\sjakhar\.m2\repository\org\sonatype\plexus\plexus-cipher\1.4\plexus-cipher-1.4.jar;C:\Users\sjakhar\.m2\repository\org\apache\maven\maven-model\3.0\maven-model-3.0.jar;C:\Users\sjakhar\.m2\repository\org\apache\maven\maven-plugin-api\3.0\maven-plugin-api-3.0.jar;C:\Users\sjakhar\.m2\repository\org\apache\maven\reporting\maven-reporting-api\3.0\maven-reporting-api-3.0.jar;C:\Users\sjakhar\.m2\repository\org\apache\maven\reporting\maven-reporting-impl\2.3\maven-reporting-impl-2.3.jar;C:\Users\sjakhar\.m2\repository\org\apache\maven\shared\maven-shared-utils\0.6\maven-shared-utils-0.6.jar;C:\Users\sjakhar\.m2\repository\org\apache\maven\doxia\doxia-core\1.2\doxia-core-1.2.jar;C:\Users\sjakhar\.m2\repository\org\apache\httpcomponents\httpclient\4.5.13\httpclient-4.5.13.jar;C:\Users\sjakhar\.m2\repository\org\apache\httpcomponents\httpcore\4.4.8\httpcore-4.4.8.jar;C:\Users\sjakhar\.m2\repository\commons-codec\commons-codec\1.15\commons-codec-1.15.jar;C:\Users\sjakhar\.m2\repository\commons-validator\commons-validator\1.3.1\commons-validator-1.3.1.jar;C:\Users\sjakhar\.m2\repository\commons-digester\commons-digester\1.6\commons-digester-1.6.jar;C:\Users\sjakhar\.m2\repository\org\apache\maven\doxia\doxia-sink-api\1.4\doxia-sink-api-1.4.jar;C:\Users\sjakhar\.m2\repository\org\apache\maven\doxia\doxia-logging-api\1.4\doxia-logging-api-1.4.jar;C:\Users\sjakhar\.m2\repository\org\apache\maven\doxia\doxia-decoration-model\1.4\doxia-decoration-model-1.4.jar;C:\Users\sjakhar\.m2\repository\org\apache\maven\doxia\doxia-site-renderer\1.4\doxia-site-renderer-1.4.jar;C:\Users\sjakhar\.m2\repository\org\apache\maven\doxia\doxia-module-xhtml\1.4\doxia-module-xhtml-1.4.jar;C:\Users\sjakhar\.m2\repository\org\apache\maven\doxia\doxia-module-fml\1.4\doxia-module-fml-1.4.jar;C:\Users\sjakhar\.m2\repository\org\codehaus\plexus\plexus-i18n\1.0-beta-7\plexus-i18n-1.0-beta-7.jar;C:\Users\sjakhar\.m2\repository\org\apache\velocity\velocity-tools\2.0\velocity-tools-2.0.jar;C:\Users\sjakhar\.m2\repository\commons-chain\commons-chain\1.1\commons-chain-1.1.jar;C:\Users\sjakhar\.m2\repository\dom4j\dom4j\1.1\dom4j-1.1.jar;C:\Users\sjakhar\.m2\repository\oro\oro\2.0.8\oro-2.0.8.jar;C:\Users\sjakhar\.m2\repository\sslext\sslext\1.2-0\sslext-1.2-0.jar;C:\Users\sjakhar\.m2\repository\org\apache\struts\struts-core\1.3.8\struts-core-1.3.8.jar;C:\Users\sjakhar\.m2\repository\org\apache\struts\struts-taglib\1.3.8\struts-taglib-1.3.8.jar;C:\Users\sjakhar\.m2\repository\org\apache\struts\struts-tiles\1.3.8\struts-tiles-1.3.8.jar;C:\Users\sjakhar\.m2\repository\org\apache\maven\doxia\doxia-integration-tools\1.6\doxia-integration-tools-1.6.jar;C:\Users\sjakhar\.m2\repository\commons-io\commons-io\2.11.0\commons-io-2.11.0.jar;C:\Users\sjakhar\.m2\repository\org\codehaus\plexus\plexus-container-default\1.0-alpha-9\plexus-container-default-1.0-alpha-9.jar;C:\Users\sjakhar\.m2\repository\classworlds\classworlds\1.1-alpha-2\classworlds-1.1-alpha-2.jar;C:\Users\sjakhar\.m2\repository\org\codehaus\plexus\plexus-component-annotations\2.0.0\plexus-component-annotations-2.0.0.jar;C:\Users\sjakhar\.m2\repository\org\codehaus\plexus\plexus-resources\1.1.0\plexus-resources-1.1.0.jar;C:\Users\sjakhar\.m2\repository\org\codehaus\plexus\plexus-utils\3.3.0\plexus-utils-3.3.0.jar;C:\Users\sjakhar\.m2\repository\org\codehaus\plexus\plexus-interpolation\1.26\plexus-interpolation-1.26.jar;C:\Users\sjakhar\.m2\repository\org\codehaus\plexus\plexus-velocity\1.2\plexus-velocity-1.2.jar;C:\Users\sjakhar\.m2\repository\com\puppycrawl\tools\checkstyle\8.29\checkstyle-8.29.jar;C:\Users\sjakhar\.m2\repository\info\picocli\picocli\4.1.4\picocli-4.1.4.jar;C:\Users\sjakhar\.m2\repository\antlr\antlr\2.7.7\antlr-2.7.7.jar;C:\Users\sjakhar\.m2\repository\org\antlr\antlr4-runtime\4.8-1\antlr4-runtime-4.8-1.jar;C:\Users\sjakhar\.m2\repository\net\sf\saxon\Saxon-HE\9.9.1-6\Saxon-HE-9.9.1-6.jar;C:\Users\sjakhar\.m2\repository\org\apache\velocity\velocity\1.7\velocity-1.7.jar;C:\Users\sjakhar\.m2\repository\commons-lang\commons-lang\2.6\commons-lang-2.6.jar;C:\Users\sjakhar\.m2\repository\commons-collections\commons-collections\3.2.2\commons-collections-3.2.2.jar;C:\Users\sjakhar\.m2\repository\javax\xml\bind\jaxb-api\2.3.1\jaxb-api-2.3.1.jar;C:\Users\sjakhar\.m2\repository\javax\activation\javax.activation-api\1.2.0\javax.activation-api-1.2.0.jar;C:\Users\sjakhar\.m2\repository\dev\aemvite\aem-vite.core\2.2.2\aem-vite.core-2.2.2.jar;C:\Users\sjakhar\.m2\repository\org\jsoup\jsoup\1.14.3\jsoup-1.14.3.jar;C:\Users\sjakhar\.m2\repository\com\google\code\gson\gson\2.8.9\gson-2.8.9.jar;C:\Users\sjakhar\.m2\repository\com\google\guava\guava\15.0\guava-15.0.jar;C:\Users\sjakhar\.m2\repository\org\jetbrains\annotations\17.0.0\annotations-17.0.0.jar;C:\Users\sjakhar\.m2\repository\com\google\code\findbugs\jsr305\3.0.0\jsr305-3.0.0.jar;C:\Users\sjakhar\.m2\repository\org\projectlombok\lombok\1.18.22\lombok-1.18.22.jar;C:\Users\sjakhar\.m2\repository\com\adobe\cq\core.wcm.components.core\2.17.14\core.wcm.components.core-2.17.14.jar;C:\Users\sjakhar\.m2\repository\org\junit\jupiter\junit-jupiter\5.6.2\junit-jupiter-5.6.2.jar;C:\Users\sjakhar\.m2\repository\org\junit\jupiter\junit-jupiter-api\5.6.2\junit-jupiter-api-5.6.2.jar;C:\Users\sjakhar\.m2\repository\org\apiguardian\apiguardian-api\1.1.0\apiguardian-api-1.1.0.jar;C:\Users\sjakhar\.m2\repository\org\opentest4j\opentest4j\1.2.0\opentest4j-1.2.0.jar;C:\Users\sjakhar\.m2\repository\org\junit\platform\junit-platform-commons\1.6.2\junit-platform-commons-1.6.2.jar;C:\Users\sjakhar\.m2\repository\org\junit\jupiter\junit-jupiter-params\5.6.2\junit-jupiter-params-5.6.2.jar;C:\Users\sjakhar\.m2\repository\org\junit\jupiter\junit-jupiter-engine\5.6.2\junit-jupiter-engine-5.6.2.jar;C:\Users\sjakhar\.m2\repository\org\junit\platform\junit-platform-engine\1.6.2\junit-platform-engine-1.6.2.jar;C:\Users\sjakhar\.m2\repository\org\mockito\mockito-core\4.3.1\mockito-core-4.3.1.jar;C:\Users\sjakhar\.m2\repository\net\bytebuddy\byte-buddy\1.12.7\byte-buddy-1.12.7.jar;C:\Users\sjakhar\.m2\repository\net\bytebuddy\byte-buddy-agent\1.12.7\byte-buddy-agent-1.12.7.jar;C:\Users\sjakhar\.m2\repository\org\objenesis\objenesis\3.2\objenesis-3.2.jar;C:\Users\sjakhar\.m2\repository\org\mockito\mockito-inline\4.3.1\mockito-inline-4.3.1.jar;C:\Users\sjakhar\.m2\repository\org\mockito\mockito-junit-jupiter\3.3.3\mockito-junit-jupiter-3.3.3.jar;C:\Users\sjakhar\.m2\repository\junit-addons\junit-addons\1.4\junit-addons-1.4.jar;C:\Users\sjakhar\.m2\repository\junit\junit\3.8.1\junit-3.8.1.jar;C:\Users\sjakhar\.m2\repository\xerces\xmlParserAPIs\2.6.2\xmlParserAPIs-2.6.2.jar;C:\Users\sjakhar\.m2\repository\io\wcm\io.wcm.testing.aem-mock.junit5\4.1.8\io.wcm.testing.aem-mock.junit5-4.1.8.jar;C:\Users\sjakhar\.m2\repository\io\wcm\io.wcm.testing.aem-mock.core\4.1.8\io.wcm.testing.aem-mock.core-4.1.8.jar;C:\Users\sjakhar\.m2\repository\org\apache\sling\org.apache.sling.api\2.24.0\org.apache.sling.api-2.24.0.jar;C:\Users\sjakhar\.m2\repository\org\apache\jackrabbit\jackrabbit-jcr-commons\2.20.0\jackrabbit-jcr-commons-2.20.0.jar;C:\Users\sjakhar\.m2\repository\org\apache\sling\org.apache.sling.commons.osgi\2.4.2\org.apache.sling.commons.osgi-2.4.2.jar;C:\Users\sjakhar\.m2\repository\org\apache\sling\org.apache.sling.resourceresolver\1.8.0\org.apache.sling.resourceresolver-1.8.0.jar;C:\Users\sjakhar\.m2\repository\org\apache\sling\org.apache.sling.serviceusermapper\1.5.4\org.apache.sling.serviceusermapper-1.5.4.jar;C:\Users\sjakhar\.m2\repository\org\apache\sling\org.apache.sling.jcr.api\2.4.0\org.apache.sling.jcr.api-2.4.0.jar;C:\Users\sjakhar\.m2\repository\org\apache\sling\org.apache.sling.jcr.resource\3.1.0\org.apache.sling.jcr.resource-3.1.0.jar;C:\Users\sjakhar\.m2\repository\org\apache\sling\org.apache.sling.commons.mime\2.2.2\org.apache.sling.commons.mime-2.2.2.jar;C:\Users\sjakhar\.m2\repository\org\apache\sling\org.apache.sling.commons.json\2.0.20\org.apache.sling.commons.json-2.0.20.jar;C:\Users\sjakhar\.m2\repository\org\apache\sling\org.apache.sling.commons.classloader\1.4.4\org.apache.sling.commons.classloader-1.4.4.jar;C:\Users\sjakhar\.m2\repository\org\apache\sling\org.apache.sling.settings\1.3.10\org.apache.sling.settings-1.3.10.jar;C:\Users\sjakhar\.m2\repository\org\apache\sling\org.apache.sling.i18n\2.5.18\org.apache.sling.i18n-2.5.18.jar;C:\Users\sjakhar\.m2\repository\org\apache\sling\org.apache.sling.testing.jcr-mock\1.5.4\org.apache.sling.testing.jcr-mock-1.5.4.jar;C:\Users\sjakhar\.m2\repository\org\apache\jackrabbit\jackrabbit-api\2.16.0\jackrabbit-api-2.16.0.jar;C:\Users\sjakhar\.m2\repository\org\apache\commons\commons-collections4\4.4\commons-collections4-4.4.jar;C:\Users\sjakhar\.m2\repository\org\apache\sling\org.apache.sling.testing.osgi-mock.core\3.2.2\org.apache.sling.testing.osgi-mock.core-3.2.2.jar;C:\Users\sjakhar\.m2\repository\org\osgi\org.osgi.framework\1.10.0\org.osgi.framework-1.10.0.jar;C:\Users\sjakhar\.m2\repository\org\osgi\org.osgi.service.cm\1.6.0\org.osgi.service.cm-1.6.0.jar;C:\Users\sjakhar\.m2\repository\org\osgi\org.osgi.service.event\1.4.0\org.osgi.service.event-1.4.0.jar;C:\Users\sjakhar\.m2\repository\org\osgi\org.osgi.service.log\1.4.0\org.osgi.service.log-1.4.0.jar;C:\Users\sjakhar\.m2\repository\org\reflections\reflections\0.10.2\reflections-0.10.2.jar;C:\Users\sjakhar\.m2\repository\org\javassist\javassist\3.28.0-GA\javassist-3.28.0-GA.jar;C:\Users\sjakhar\.m2\repository\org\apache\sling\org.apache.sling.testing.sling-mock.core\3.2.2\org.apache.sling.testing.sling-mock.core-3.2.2.jar;C:\Users\sjakhar\.m2\repository\org\apache\sling\org.apache.sling.resourcebuilder\1.0.4\org.apache.sling.resourcebuilder-1.0.4.jar;C:\Users\sjakhar\.m2\repository\org\osgi\org.osgi.resource\1.0.1\org.osgi.resource-1.0.1.jar;C:\Users\sjakhar\.m2\repository\org\osgi\org.osgi.util.tracker\1.5.3\org.osgi.util.tracker-1.5.3.jar;C:\Users\sjakhar\.m2\repository\org\apache\sling\org.apache.sling.scripting.api\2.2.0\org.apache.sling.scripting.api-2.2.0.jar;C:\Users\sjakhar\.m2\repository\org\apache\sling\org.apache.sling.scripting.core\2.4.2\org.apache.sling.scripting.core-2.4.2.jar;C:\Users\sjakhar\.m2\repository\org\apache\felix\org.apache.felix.utils\1.9.0\org.apache.felix.utils-1.9.0.jar;C:\Users\sjakhar\.m2\repository\org\apache\johnzon\johnzon-core\1.2.14\johnzon-core-1.2.14.jar;C:\Users\sjakhar\.m2\repository\org\apache\sling\org.apache.sling.adapter\2.2.0\org.apache.sling.adapter-2.2.0.jar;C:\Users\sjakhar\.m2\repository\org\apache\sling\org.apache.sling.featureflags\1.2.2\org.apache.sling.featureflags-1.2.2.jar;C:\Users\sjakhar\.m2\repository\org\apache\jackrabbit\oak-jcr\1.40.0\oak-jcr-1.40.0.jar;C:\Users\sjakhar\.m2\repository\org\apache\jackrabbit\oak-jackrabbit-api\1.40.0\oak-jackrabbit-api-1.40.0.jar;C:\Users\sjakhar\.m2\repository\org\apache\jackrabbit\oak-api\1.40.0\oak-api-1.40.0.jar;C:\Users\sjakhar\.m2\repository\org\apache\jackrabbit\oak-core-spi\1.40.0\oak-core-spi-1.40.0.jar;C:\Users\sjakhar\.m2\repository\org\apache\jackrabbit\oak-store-spi\1.40.0\oak-store-spi-1.40.0.jar;C:\Users\sjakhar\.m2\repository\org\apache\jackrabbit\oak-query-spi\1.40.0\oak-query-spi-1.40.0.jar;C:\Users\sjakhar\.m2\repository\org\apache\jackrabbit\oak-security-spi\1.40.0\oak-security-spi-1.40.0.jar;C:\Users\sjakhar\.m2\repository\org\apache\jackrabbit\oak-core\1.40.0\oak-core-1.40.0.jar;C:\Users\sjakhar\.m2\repository\org\apache\jackrabbit\oak-blob-plugins\1.40.0\oak-blob-plugins-1.40.0.jar;C:\Users\sjakhar\.m2\repository\org\apache\jackrabbit\jackrabbit-data\2.20.2\jackrabbit-data-2.20.2.jar;C:\Users\sjakhar\.m2\repository\org\slf4j\jcl-over-slf4j\1.7.30\jcl-over-slf4j-1.7.30.jar;C:\Users\sjakhar\.m2\repository\org\apache\jackrabbit\oak-blob\1.40.0\oak-blob-1.40.0.jar;C:\Users\sjakhar\.m2\repository\org\osgi\org.osgi.annotation\6.0.0\org.osgi.annotation-6.0.0.jar;C:\Users\sjakhar\.m2\repository\org\apache\jackrabbit\oak-commons\1.40.0\oak-commons-1.40.0.jar;C:\Users\sjakhar\.m2\repository\org\apache\sling\org.apache.sling.contentparser.api\2.0.0\org.apache.sling.contentparser.api-2.0.0.jar;C:\Users\sjakhar\.m2\repository\org\apache\sling\org.apache.sling.contentparser.json\2.0.0\org.apache.sling.contentparser.json-2.0.0.jar;C:\Users\sjakhar\.m2\repository\org\apache\sling\org.apache.sling.contentparser.xml-jcr\2.0.0\org.apache.sling.contentparser.xml-jcr-2.0.0.jar;C:\Users\sjakhar\.m2\repository\org\apache\sling\org.apache.sling.fsresource\2.2.0\org.apache.sling.fsresource-2.2.0.jar;C:\Users\sjakhar\.m2\repository\org\apache\geronimo\specs\geronimo-atinject_1.0_spec\1.0\geronimo-atinject_1.0_spec-1.0.jar;C:\Users\sjakhar\.m2\repository\org\apache\geronimo\specs\geronimo-json_1.1_spec\1.3\geronimo-json_1.1_spec-1.3.jar;C:\Users\sjakhar\.m2\repository\org\apache\sling\org.apache.sling.testing.resourceresolver-mock\1.2.4\org.apache.sling.testing.resourceresolver-mock-1.2.4.jar;C:\Users\sjakhar\.m2\repository\org\apache\sling\org.apache.sling.servlet-helpers\1.4.2\org.apache.sling.servlet-helpers-1.4.2.jar;C:\Users\sjakhar\.m2\repository\org\apache\jackrabbit\vault\org.apache.jackrabbit.vault\3.4.0\org.apache.jackrabbit.vault-3.4.0.jar;C:\Users\sjakhar\.m2\repository\org\apache\commons\commons-imaging\1.0-alpha1\commons-imaging-1.0-alpha1.jar;C:\Users\sjakhar\.m2\repository\javax\servlet\jsp\jsp-api\2.1\jsp-api-2.1.jar;C:\Users\sjakhar\.m2\repository\com\day\commons\day-commons-gfx\2.1.28\day-commons-gfx-2.1.28.jar;C:\Users\sjakhar\.m2\repository\com\day\commons\day-commons-any\2.0.0\day-commons-any-2.0.0.jar;C:\Users\sjakhar\.m2\repository\com\day\commons\day-commons-text\1.1.3\day-commons-text-1.1.3.jar;C:\Users\sjakhar\.m2\repository\org\apache\sling\org.apache.sling.testing.hamcrest\1.0.2\org.apache.sling.testing.hamcrest-1.0.2.jar;C:\Users\sjakhar\.m2\repository\org\hamcrest\hamcrest-library\1.3\hamcrest-library-1.3.jar;C:\Users\sjakhar\.m2\repository\org\hamcrest\hamcrest-core\1.3\hamcrest-core-1.3.jar;C:\Users\sjakhar\.m2\repository\org\apache\sling\org.apache.sling.xss\2.2.16\org.apache.sling.xss-2.2.16.jar;C:\Users\sjakhar\.m2\repository\com\adobe\cq\core.wcm.components.testing.aem-mock-plugin\2.17.14\core.wcm.components.testing.aem-mock-plugin-2.17.14.jar;C:\Users\sjakhar\.m2\repository\org\apache\sling\org.apache.sling.testing.sling-mock-oak\3.1.2-1.40.0\org.apache.sling.testing.sling-mock-oak-3.1.2-1.40.0.jar;C:\Users\sjakhar\.m2\repository\javax\jcr\jcr\2.0\jcr-2.0.jar;C:\Users\sjakhar\.m2\repository\javax\servlet\javax.servlet-api\3.1.0\javax.servlet-api-3.1.0.jar;C:\Users\sjakhar\.m2\repository\xerces\xercesImpl\2.12.2\xercesImpl-2.12.2.jar;C:\Users\sjakhar\.m2\repository\xml-apis\xml-apis\1.4.01\xml-apis-1.4.01.jar;C:\Users\sjakhar\.m2\repository\org\apache\sling\org.apache.sling.models.impl\1.4.4\org.apache.sling.models.impl-1.4.4.jar;C:\Users\sjakhar\.m2\repository\commons-beanutils\commons-beanutils\1.8.3\commons-beanutils-1.8.3.jar;C:\Users\sjakhar\.m2\repository\commons-logging\commons-logging\1.1.1\commons-logging-1.1.1.jar;C:\Users\sjakhar\.m2\repository\com\adobe\aem\aem-sdk-api\2022.1.6198.20220113T173638Z-211100\aem-sdk-api-2022.1.6198.20220113T173638Z-211100.jar;C:\Users\sjakhar\.m2\repository\org\osgi\osgi.core\8.0.0\osgi.core-8.0.0.jar;C:\Users\sjakhar\.m2\repository\org\osgi\org.osgi.annotation.versioning\1.1.2\org.osgi.annotation.versioning-1.1.2.jar;C:\Users\sjakhar\.m2\repository\org\osgi\org.osgi.annotation.bundle\1.1.1\org.osgi.annotation.bundle-1.1.1.jar;C:\Users\sjakhar\.m2\repository\org\osgi\org.osgi.service.metatype.annotations\1.4.1\org.osgi.service.metatype.annotations-1.4.1.jar;C:\Users\sjakhar\.m2\repository\org\osgi\osgi.annotation\8.0.1\osgi.annotation-8.0.1.jar;C:\Users\sjakhar\.m2\repository\org\osgi\org.osgi.namespace.extender\1.0.1\org.osgi.namespace.extender-1.0.1.jar;C:\Users\sjakhar\.m2\repository\org\osgi\org.osgi.namespace.implementation\1.0.0\org.osgi.namespace.implementation-1.0.0.jar;C:\Users\sjakhar\.m2\repository\org\osgi\org.osgi.service.component\1.4.0\org.osgi.service.component-1.4.0.jar;C:\Users\sjakhar\.m2\repository\org\osgi\org.osgi.service.component.annotations\1.4.0\org.osgi.service.component.annotations-1.4.0.jar;C:\Users\sjakhar\.m2\repository\org\apache\sling\org.apache.sling.servlets.annotations\1.2.6\org.apache.sling.servlets.annotations-1.2.6.jar;C:\Users\sjakhar\.m2\repository\org\apache\commons\commons-text\1.10.0\commons-text-1.10.0.jar;C:\Users\sjakhar\.m2\repository\org\apache\commons\commons-lang3\3.12.0\commons-lang3-3.12.0.jar;C:\Users\sjakhar\.m2\repository\org\apache\maven\surefire\surefire-junit-platform\2.22.1\surefire-junit-platform-2.22.1.jar;C:\Users\sjakhar\.m2\repository\org\junit\platform\junit-platform-launcher\1.3.1\junit-platform-launcher-1.3.1.jar"/>
    <property name="java.vm.vendor" value="Oracle Corporation"/>
    <property name="sun.arch.data.model" value="64"/>
    <property name="user.variant" value=""/>
    <property name="java.vendor.url" value="https://openjdk.java.net/"/>
    <property name="user.timezone" value="Australia/Sydney"/>
    <property name="java.vm.specification.version" value="11"/>
    <property name="os.name" value="Windows 10"/>
    <property name="sun.java.launcher" value="SUN_STANDARD"/>
    <property name="user.country" value="AU"/>
    <property name="sun.boot.library.path" value="C:\Program Files\Java\jdk-11\bin"/>
    <property name="sun.java.command" value="org.apache.maven.surefire.booter.ForkedBooter C:\Users\sjakhar\AppData\Local\Temp\surefire5651566406470785140 2024-01-15T12-01-15_449-jvmRun1 surefire3073635139169792486tmp surefire_04424419391119814212tmp"/>
    <property name="jdk.debug" value="release"/>
    <property name="surefire.test.class.path" value="C:\Users\sjakhar\GitProjects\digital-aem-sscp\core\target\test-classes;C:\Users\sjakhar\GitProjects\digital-aem-sscp\core\target\classes;C:\Users\sjakhar\.m2\repository\uk\org\lidalia\slf4j-test\1.0.1\slf4j-test-1.0.1.jar;C:\Users\sjakhar\.m2\repository\org\slf4j\slf4j-api\1.7.32\slf4j-api-1.7.32.jar;C:\Users\sjakhar\.m2\repository\uk\org\lidalia\lidalia-lang\1.0.0\lidalia-lang-1.0.0.jar;C:\Users\sjakhar\.m2\repository\uk\org\lidalia\lidalia-slf4j-ext\1.0.0\lidalia-slf4j-ext-1.0.0.jar;C:\Users\sjakhar\.m2\repository\joda-time\joda-time\2.10.13\joda-time-2.10.13.jar;C:\Users\sjakhar\.m2\repository\org\apache\maven\plugins\maven-checkstyle-plugin\3.1.1\maven-checkstyle-plugin-3.1.1.jar;C:\Users\sjakhar\.m2\repository\org\apache\maven\maven-artifact\3.0\maven-artifact-3.0.jar;C:\Users\sjakhar\.m2\repository\org\apache\maven\maven-core\3.0\maven-core-3.0.jar;C:\Users\sjakhar\.m2\repository\org\apache\maven\maven-settings\3.0\maven-settings-3.0.jar;C:\Users\sjakhar\.m2\repository\org\apache\maven\maven-settings-builder\3.0\maven-settings-builder-3.0.jar;C:\Users\sjakhar\.m2\repository\org\apache\maven\maven-repository-metadata\3.0\maven-repository-metadata-3.0.jar;C:\Users\sjakhar\.m2\repository\org\apache\maven\maven-model-builder\3.0\maven-model-builder-3.0.jar;C:\Users\sjakhar\.m2\repository\org\apache\maven\maven-aether-provider\3.0\maven-aether-provider-3.0.jar;C:\Users\sjakhar\.m2\repository\org\sonatype\aether\aether-impl\1.7\aether-impl-1.7.jar;C:\Users\sjakhar\.m2\repository\org\sonatype\aether\aether-spi\1.7\aether-spi-1.7.jar;C:\Users\sjakhar\.m2\repository\org\sonatype\aether\aether-api\1.7\aether-api-1.7.jar;C:\Users\sjakhar\.m2\repository\org\sonatype\aether\aether-util\1.7\aether-util-1.7.jar;C:\Users\sjakhar\.m2\repository\org\sonatype\sisu\sisu-inject-plexus\1.4.2\sisu-inject-plexus-1.4.2.jar;C:\Users\sjakhar\.m2\repository\org\sonatype\sisu\sisu-inject-bean\1.4.2\sisu-inject-bean-1.4.2.jar;C:\Users\sjakhar\.m2\repository\org\sonatype\sisu\sisu-guice\2.1.7\sisu-guice-2.1.7-noaop.jar;C:\Users\sjakhar\.m2\repository\org\codehaus\plexus\plexus-classworlds\2.2.3\plexus-classworlds-2.2.3.jar;C:\Users\sjakhar\.m2\repository\org\sonatype\plexus\plexus-sec-dispatcher\1.3\plexus-sec-dispatcher-1.3.jar;C:\Users\sjakhar\.m2\repository\org\sonatype\plexus\plexus-cipher\1.4\plexus-cipher-1.4.jar;C:\Users\sjakhar\.m2\repository\org\apache\maven\maven-model\3.0\maven-model-3.0.jar;C:\Users\sjakhar\.m2\repository\org\apache\maven\maven-plugin-api\3.0\maven-plugin-api-3.0.jar;C:\Users\sjakhar\.m2\repository\org\apache\maven\reporting\maven-reporting-api\3.0\maven-reporting-api-3.0.jar;C:\Users\sjakhar\.m2\repository\org\apache\maven\reporting\maven-reporting-impl\2.3\maven-reporting-impl-2.3.jar;C:\Users\sjakhar\.m2\repository\org\apache\maven\shared\maven-shared-utils\0.6\maven-shared-utils-0.6.jar;C:\Users\sjakhar\.m2\repository\org\apache\maven\doxia\doxia-core\1.2\doxia-core-1.2.jar;C:\Users\sjakhar\.m2\repository\org\apache\httpcomponents\httpclient\4.5.13\httpclient-4.5.13.jar;C:\Users\sjakhar\.m2\repository\org\apache\httpcomponents\httpcore\4.4.8\httpcore-4.4.8.jar;C:\Users\sjakhar\.m2\repository\commons-codec\commons-codec\1.15\commons-codec-1.15.jar;C:\Users\sjakhar\.m2\repository\commons-validator\commons-validator\1.3.1\commons-validator-1.3.1.jar;C:\Users\sjakhar\.m2\repository\commons-digester\commons-digester\1.6\commons-digester-1.6.jar;C:\Users\sjakhar\.m2\repository\org\apache\maven\doxia\doxia-sink-api\1.4\doxia-sink-api-1.4.jar;C:\Users\sjakhar\.m2\repository\org\apache\maven\doxia\doxia-logging-api\1.4\doxia-logging-api-1.4.jar;C:\Users\sjakhar\.m2\repository\org\apache\maven\doxia\doxia-decoration-model\1.4\doxia-decoration-model-1.4.jar;C:\Users\sjakhar\.m2\repository\org\apache\maven\doxia\doxia-site-renderer\1.4\doxia-site-renderer-1.4.jar;C:\Users\sjakhar\.m2\repository\org\apache\maven\doxia\doxia-module-xhtml\1.4\doxia-module-xhtml-1.4.jar;C:\Users\sjakhar\.m2\repository\org\apache\maven\doxia\doxia-module-fml\1.4\doxia-module-fml-1.4.jar;C:\Users\sjakhar\.m2\repository\org\codehaus\plexus\plexus-i18n\1.0-beta-7\plexus-i18n-1.0-beta-7.jar;C:\Users\sjakhar\.m2\repository\org\apache\velocity\velocity-tools\2.0\velocity-tools-2.0.jar;C:\Users\sjakhar\.m2\repository\commons-chain\commons-chain\1.1\commons-chain-1.1.jar;C:\Users\sjakhar\.m2\repository\dom4j\dom4j\1.1\dom4j-1.1.jar;C:\Users\sjakhar\.m2\repository\oro\oro\2.0.8\oro-2.0.8.jar;C:\Users\sjakhar\.m2\repository\sslext\sslext\1.2-0\sslext-1.2-0.jar;C:\Users\sjakhar\.m2\repository\org\apache\struts\struts-core\1.3.8\struts-core-1.3.8.jar;C:\Users\sjakhar\.m2\repository\org\apache\struts\struts-taglib\1.3.8\struts-taglib-1.3.8.jar;C:\Users\sjakhar\.m2\repository\org\apache\struts\struts-tiles\1.3.8\struts-tiles-1.3.8.jar;C:\Users\sjakhar\.m2\repository\org\apache\maven\doxia\doxia-integration-tools\1.6\doxia-integration-tools-1.6.jar;C:\Users\sjakhar\.m2\repository\commons-io\commons-io\2.11.0\commons-io-2.11.0.jar;C:\Users\sjakhar\.m2\repository\org\codehaus\plexus\plexus-container-default\1.0-alpha-9\plexus-container-default-1.0-alpha-9.jar;C:\Users\sjakhar\.m2\repository\classworlds\classworlds\1.1-alpha-2\classworlds-1.1-alpha-2.jar;C:\Users\sjakhar\.m2\repository\org\codehaus\plexus\plexus-component-annotations\2.0.0\plexus-component-annotations-2.0.0.jar;C:\Users\sjakhar\.m2\repository\org\codehaus\plexus\plexus-resources\1.1.0\plexus-resources-1.1.0.jar;C:\Users\sjakhar\.m2\repository\org\codehaus\plexus\plexus-utils\3.3.0\plexus-utils-3.3.0.jar;C:\Users\sjakhar\.m2\repository\org\codehaus\plexus\plexus-interpolation\1.26\plexus-interpolation-1.26.jar;C:\Users\sjakhar\.m2\repository\org\codehaus\plexus\plexus-velocity\1.2\plexus-velocity-1.2.jar;C:\Users\sjakhar\.m2\repository\com\puppycrawl\tools\checkstyle\8.29\checkstyle-8.29.jar;C:\Users\sjakhar\.m2\repository\info\picocli\picocli\4.1.4\picocli-4.1.4.jar;C:\Users\sjakhar\.m2\repository\antlr\antlr\2.7.7\antlr-2.7.7.jar;C:\Users\sjakhar\.m2\repository\org\antlr\antlr4-runtime\4.8-1\antlr4-runtime-4.8-1.jar;C:\Users\sjakhar\.m2\repository\net\sf\saxon\Saxon-HE\9.9.1-6\Saxon-HE-9.9.1-6.jar;C:\Users\sjakhar\.m2\repository\org\apache\velocity\velocity\1.7\velocity-1.7.jar;C:\Users\sjakhar\.m2\repository\commons-lang\commons-lang\2.6\commons-lang-2.6.jar;C:\Users\sjakhar\.m2\repository\commons-collections\commons-collections\3.2.2\commons-collections-3.2.2.jar;C:\Users\sjakhar\.m2\repository\javax\xml\bind\jaxb-api\2.3.1\jaxb-api-2.3.1.jar;C:\Users\sjakhar\.m2\repository\javax\activation\javax.activation-api\1.2.0\javax.activation-api-1.2.0.jar;C:\Users\sjakhar\.m2\repository\dev\aemvite\aem-vite.core\2.2.2\aem-vite.core-2.2.2.jar;C:\Users\sjakhar\.m2\repository\org\jsoup\jsoup\1.14.3\jsoup-1.14.3.jar;C:\Users\sjakhar\.m2\repository\com\google\code\gson\gson\2.8.9\gson-2.8.9.jar;C:\Users\sjakhar\.m2\repository\com\google\guava\guava\15.0\guava-15.0.jar;C:\Users\sjakhar\.m2\repository\org\jetbrains\annotations\17.0.0\annotations-17.0.0.jar;C:\Users\sjakhar\.m2\repository\com\google\code\findbugs\jsr305\3.0.0\jsr305-3.0.0.jar;C:\Users\sjakhar\.m2\repository\org\projectlombok\lombok\1.18.22\lombok-1.18.22.jar;C:\Users\sjakhar\.m2\repository\com\adobe\cq\core.wcm.components.core\2.17.14\core.wcm.components.core-2.17.14.jar;C:\Users\sjakhar\.m2\repository\org\junit\jupiter\junit-jupiter\5.6.2\junit-jupiter-5.6.2.jar;C:\Users\sjakhar\.m2\repository\org\junit\jupiter\junit-jupiter-api\5.6.2\junit-jupiter-api-5.6.2.jar;C:\Users\sjakhar\.m2\repository\org\apiguardian\apiguardian-api\1.1.0\apiguardian-api-1.1.0.jar;C:\Users\sjakhar\.m2\repository\org\opentest4j\opentest4j\1.2.0\opentest4j-1.2.0.jar;C:\Users\sjakhar\.m2\repository\org\junit\platform\junit-platform-commons\1.6.2\junit-platform-commons-1.6.2.jar;C:\Users\sjakhar\.m2\repository\org\junit\jupiter\junit-jupiter-params\5.6.2\junit-jupiter-params-5.6.2.jar;C:\Users\sjakhar\.m2\repository\org\junit\jupiter\junit-jupiter-engine\5.6.2\junit-jupiter-engine-5.6.2.jar;C:\Users\sjakhar\.m2\repository\org\junit\platform\junit-platform-engine\1.6.2\junit-platform-engine-1.6.2.jar;C:\Users\sjakhar\.m2\repository\org\mockito\mockito-core\4.3.1\mockito-core-4.3.1.jar;C:\Users\sjakhar\.m2\repository\net\bytebuddy\byte-buddy\1.12.7\byte-buddy-1.12.7.jar;C:\Users\sjakhar\.m2\repository\net\bytebuddy\byte-buddy-agent\1.12.7\byte-buddy-agent-1.12.7.jar;C:\Users\sjakhar\.m2\repository\org\objenesis\objenesis\3.2\objenesis-3.2.jar;C:\Users\sjakhar\.m2\repository\org\mockito\mockito-inline\4.3.1\mockito-inline-4.3.1.jar;C:\Users\sjakhar\.m2\repository\org\mockito\mockito-junit-jupiter\3.3.3\mockito-junit-jupiter-3.3.3.jar;C:\Users\sjakhar\.m2\repository\junit-addons\junit-addons\1.4\junit-addons-1.4.jar;C:\Users\sjakhar\.m2\repository\junit\junit\3.8.1\junit-3.8.1.jar;C:\Users\sjakhar\.m2\repository\xerces\xmlParserAPIs\2.6.2\xmlParserAPIs-2.6.2.jar;C:\Users\sjakhar\.m2\repository\io\wcm\io.wcm.testing.aem-mock.junit5\4.1.8\io.wcm.testing.aem-mock.junit5-4.1.8.jar;C:\Users\sjakhar\.m2\repository\io\wcm\io.wcm.testing.aem-mock.core\4.1.8\io.wcm.testing.aem-mock.core-4.1.8.jar;C:\Users\sjakhar\.m2\repository\org\apache\sling\org.apache.sling.api\2.24.0\org.apache.sling.api-2.24.0.jar;C:\Users\sjakhar\.m2\repository\org\apache\jackrabbit\jackrabbit-jcr-commons\2.20.0\jackrabbit-jcr-commons-2.20.0.jar;C:\Users\sjakhar\.m2\repository\org\apache\sling\org.apache.sling.commons.osgi\2.4.2\org.apache.sling.commons.osgi-2.4.2.jar;C:\Users\sjakhar\.m2\repository\org\apache\sling\org.apache.sling.resourceresolver\1.8.0\org.apache.sling.resourceresolver-1.8.0.jar;C:\Users\sjakhar\.m2\repository\org\apache\sling\org.apache.sling.serviceusermapper\1.5.4\org.apache.sling.serviceusermapper-1.5.4.jar;C:\Users\sjakhar\.m2\repository\org\apache\sling\org.apache.sling.jcr.api\2.4.0\org.apache.sling.jcr.api-2.4.0.jar;C:\Users\sjakhar\.m2\repository\org\apache\sling\org.apache.sling.jcr.resource\3.1.0\org.apache.sling.jcr.resource-3.1.0.jar;C:\Users\sjakhar\.m2\repository\org\apache\sling\org.apache.sling.commons.mime\2.2.2\org.apache.sling.commons.mime-2.2.2.jar;C:\Users\sjakhar\.m2\repository\org\apache\sling\org.apache.sling.commons.json\2.0.20\org.apache.sling.commons.json-2.0.20.jar;C:\Users\sjakhar\.m2\repository\org\apache\sling\org.apache.sling.commons.classloader\1.4.4\org.apache.sling.commons.classloader-1.4.4.jar;C:\Users\sjakhar\.m2\repository\org\apache\sling\org.apache.sling.settings\1.3.10\org.apache.sling.settings-1.3.10.jar;C:\Users\sjakhar\.m2\repository\org\apache\sling\org.apache.sling.i18n\2.5.18\org.apache.sling.i18n-2.5.18.jar;C:\Users\sjakhar\.m2\repository\org\apache\sling\org.apache.sling.testing.jcr-mock\1.5.4\org.apache.sling.testing.jcr-mock-1.5.4.jar;C:\Users\sjakhar\.m2\repository\org\apache\jackrabbit\jackrabbit-api\2.16.0\jackrabbit-api-2.16.0.jar;C:\Users\sjakhar\.m2\repository\org\apache\commons\commons-collections4\4.4\commons-collections4-4.4.jar;C:\Users\sjakhar\.m2\repository\org\apache\sling\org.apache.sling.testing.osgi-mock.core\3.2.2\org.apache.sling.testing.osgi-mock.core-3.2.2.jar;C:\Users\sjakhar\.m2\repository\org\osgi\org.osgi.framework\1.10.0\org.osgi.framework-1.10.0.jar;C:\Users\sjakhar\.m2\repository\org\osgi\org.osgi.service.cm\1.6.0\org.osgi.service.cm-1.6.0.jar;C:\Users\sjakhar\.m2\repository\org\osgi\org.osgi.service.event\1.4.0\org.osgi.service.event-1.4.0.jar;C:\Users\sjakhar\.m2\repository\org\osgi\org.osgi.service.log\1.4.0\org.osgi.service.log-1.4.0.jar;C:\Users\sjakhar\.m2\repository\org\reflections\reflections\0.10.2\reflections-0.10.2.jar;C:\Users\sjakhar\.m2\repository\org\javassist\javassist\3.28.0-GA\javassist-3.28.0-GA.jar;C:\Users\sjakhar\.m2\repository\org\apache\sling\org.apache.sling.testing.sling-mock.core\3.2.2\org.apache.sling.testing.sling-mock.core-3.2.2.jar;C:\Users\sjakhar\.m2\repository\org\apache\sling\org.apache.sling.resourcebuilder\1.0.4\org.apache.sling.resourcebuilder-1.0.4.jar;C:\Users\sjakhar\.m2\repository\org\osgi\org.osgi.resource\1.0.1\org.osgi.resource-1.0.1.jar;C:\Users\sjakhar\.m2\repository\org\osgi\org.osgi.util.tracker\1.5.3\org.osgi.util.tracker-1.5.3.jar;C:\Users\sjakhar\.m2\repository\org\apache\sling\org.apache.sling.scripting.api\2.2.0\org.apache.sling.scripting.api-2.2.0.jar;C:\Users\sjakhar\.m2\repository\org\apache\sling\org.apache.sling.scripting.core\2.4.2\org.apache.sling.scripting.core-2.4.2.jar;C:\Users\sjakhar\.m2\repository\org\apache\felix\org.apache.felix.utils\1.9.0\org.apache.felix.utils-1.9.0.jar;C:\Users\sjakhar\.m2\repository\org\apache\johnzon\johnzon-core\1.2.14\johnzon-core-1.2.14.jar;C:\Users\sjakhar\.m2\repository\org\apache\sling\org.apache.sling.adapter\2.2.0\org.apache.sling.adapter-2.2.0.jar;C:\Users\sjakhar\.m2\repository\org\apache\sling\org.apache.sling.featureflags\1.2.2\org.apache.sling.featureflags-1.2.2.jar;C:\Users\sjakhar\.m2\repository\org\apache\jackrabbit\oak-jcr\1.40.0\oak-jcr-1.40.0.jar;C:\Users\sjakhar\.m2\repository\org\apache\jackrabbit\oak-jackrabbit-api\1.40.0\oak-jackrabbit-api-1.40.0.jar;C:\Users\sjakhar\.m2\repository\org\apache\jackrabbit\oak-api\1.40.0\oak-api-1.40.0.jar;C:\Users\sjakhar\.m2\repository\org\apache\jackrabbit\oak-core-spi\1.40.0\oak-core-spi-1.40.0.jar;C:\Users\sjakhar\.m2\repository\org\apache\jackrabbit\oak-store-spi\1.40.0\oak-store-spi-1.40.0.jar;C:\Users\sjakhar\.m2\repository\org\apache\jackrabbit\oak-query-spi\1.40.0\oak-query-spi-1.40.0.jar;C:\Users\sjakhar\.m2\repository\org\apache\jackrabbit\oak-security-spi\1.40.0\oak-security-spi-1.40.0.jar;C:\Users\sjakhar\.m2\repository\org\apache\jackrabbit\oak-core\1.40.0\oak-core-1.40.0.jar;C:\Users\sjakhar\.m2\repository\org\apache\jackrabbit\oak-blob-plugins\1.40.0\oak-blob-plugins-1.40.0.jar;C:\Users\sjakhar\.m2\repository\org\apache\jackrabbit\jackrabbit-data\2.20.2\jackrabbit-data-2.20.2.jar;C:\Users\sjakhar\.m2\repository\org\slf4j\jcl-over-slf4j\1.7.30\jcl-over-slf4j-1.7.30.jar;C:\Users\sjakhar\.m2\repository\org\apache\jackrabbit\oak-blob\1.40.0\oak-blob-1.40.0.jar;C:\Users\sjakhar\.m2\repository\org\osgi\org.osgi.annotation\6.0.0\org.osgi.annotation-6.0.0.jar;C:\Users\sjakhar\.m2\repository\org\apache\jackrabbit\oak-commons\1.40.0\oak-commons-1.40.0.jar;C:\Users\sjakhar\.m2\repository\org\apache\sling\org.apache.sling.contentparser.api\2.0.0\org.apache.sling.contentparser.api-2.0.0.jar;C:\Users\sjakhar\.m2\repository\org\apache\sling\org.apache.sling.contentparser.json\2.0.0\org.apache.sling.contentparser.json-2.0.0.jar;C:\Users\sjakhar\.m2\repository\org\apache\sling\org.apache.sling.contentparser.xml-jcr\2.0.0\org.apache.sling.contentparser.xml-jcr-2.0.0.jar;C:\Users\sjakhar\.m2\repository\org\apache\sling\org.apache.sling.fsresource\2.2.0\org.apache.sling.fsresource-2.2.0.jar;C:\Users\sjakhar\.m2\repository\org\apache\geronimo\specs\geronimo-atinject_1.0_spec\1.0\geronimo-atinject_1.0_spec-1.0.jar;C:\Users\sjakhar\.m2\repository\org\apache\geronimo\specs\geronimo-json_1.1_spec\1.3\geronimo-json_1.1_spec-1.3.jar;C:\Users\sjakhar\.m2\repository\org\apache\sling\org.apache.sling.testing.resourceresolver-mock\1.2.4\org.apache.sling.testing.resourceresolver-mock-1.2.4.jar;C:\Users\sjakhar\.m2\repository\org\apache\sling\org.apache.sling.servlet-helpers\1.4.2\org.apache.sling.servlet-helpers-1.4.2.jar;C:\Users\sjakhar\.m2\repository\org\apache\jackrabbit\vault\org.apache.jackrabbit.vault\3.4.0\org.apache.jackrabbit.vault-3.4.0.jar;C:\Users\sjakhar\.m2\repository\org\apache\commons\commons-imaging\1.0-alpha1\commons-imaging-1.0-alpha1.jar;C:\Users\sjakhar\.m2\repository\javax\servlet\jsp\jsp-api\2.1\jsp-api-2.1.jar;C:\Users\sjakhar\.m2\repository\com\day\commons\day-commons-gfx\2.1.28\day-commons-gfx-2.1.28.jar;C:\Users\sjakhar\.m2\repository\com\day\commons\day-commons-any\2.0.0\day-commons-any-2.0.0.jar;C:\Users\sjakhar\.m2\repository\com\day\commons\day-commons-text\1.1.3\day-commons-text-1.1.3.jar;C:\Users\sjakhar\.m2\repository\org\apache\sling\org.apache.sling.testing.hamcrest\1.0.2\org.apache.sling.testing.hamcrest-1.0.2.jar;C:\Users\sjakhar\.m2\repository\org\hamcrest\hamcrest-library\1.3\hamcrest-library-1.3.jar;C:\Users\sjakhar\.m2\repository\org\hamcrest\hamcrest-core\1.3\hamcrest-core-1.3.jar;C:\Users\sjakhar\.m2\repository\org\apache\sling\org.apache.sling.xss\2.2.16\org.apache.sling.xss-2.2.16.jar;C:\Users\sjakhar\.m2\repository\com\adobe\cq\core.wcm.components.testing.aem-mock-plugin\2.17.14\core.wcm.components.testing.aem-mock-plugin-2.17.14.jar;C:\Users\sjakhar\.m2\repository\org\apache\sling\org.apache.sling.testing.sling-mock-oak\3.1.2-1.40.0\org.apache.sling.testing.sling-mock-oak-3.1.2-1.40.0.jar;C:\Users\sjakhar\.m2\repository\javax\jcr\jcr\2.0\jcr-2.0.jar;C:\Users\sjakhar\.m2\repository\javax\servlet\javax.servlet-api\3.1.0\javax.servlet-api-3.1.0.jar;C:\Users\sjakhar\.m2\repository\xerces\xercesImpl\2.12.2\xercesImpl-2.12.2.jar;C:\Users\sjakhar\.m2\repository\xml-apis\xml-apis\1.4.01\xml-apis-1.4.01.jar;C:\Users\sjakhar\.m2\repository\org\apache\sling\org.apache.sling.models.impl\1.4.4\org.apache.sling.models.impl-1.4.4.jar;C:\Users\sjakhar\.m2\repository\commons-beanutils\commons-beanutils\1.8.3\commons-beanutils-1.8.3.jar;C:\Users\sjakhar\.m2\repository\commons-logging\commons-logging\1.1.1\commons-logging-1.1.1.jar;C:\Users\sjakhar\.m2\repository\com\adobe\aem\aem-sdk-api\2022.1.6198.20220113T173638Z-211100\aem-sdk-api-2022.1.6198.20220113T173638Z-211100.jar;C:\Users\sjakhar\.m2\repository\org\osgi\osgi.core\8.0.0\osgi.core-8.0.0.jar;C:\Users\sjakhar\.m2\repository\org\osgi\org.osgi.annotation.versioning\1.1.2\org.osgi.annotation.versioning-1.1.2.jar;C:\Users\sjakhar\.m2\repository\org\osgi\org.osgi.annotation.bundle\1.1.1\org.osgi.annotation.bundle-1.1.1.jar;C:\Users\sjakhar\.m2\repository\org\osgi\org.osgi.service.metatype.annotations\1.4.1\org.osgi.service.metatype.annotations-1.4.1.jar;C:\Users\sjakhar\.m2\repository\org\osgi\osgi.annotation\8.0.1\osgi.annotation-8.0.1.jar;C:\Users\sjakhar\.m2\repository\org\osgi\org.osgi.namespace.extender\1.0.1\org.osgi.namespace.extender-1.0.1.jar;C:\Users\sjakhar\.m2\repository\org\osgi\org.osgi.namespace.implementation\1.0.0\org.osgi.namespace.implementation-1.0.0.jar;C:\Users\sjakhar\.m2\repository\org\osgi\org.osgi.service.component\1.4.0\org.osgi.service.component-1.4.0.jar;C:\Users\sjakhar\.m2\repository\org\osgi\org.osgi.service.component.annotations\1.4.0\org.osgi.service.component.annotations-1.4.0.jar;C:\Users\sjakhar\.m2\repository\org\apache\sling\org.apache.sling.servlets.annotations\1.2.6\org.apache.sling.servlets.annotations-1.2.6.jar;C:\Users\sjakhar\.m2\repository\org\apache\commons\commons-text\1.10.0\commons-text-1.10.0.jar;C:\Users\sjakhar\.m2\repository\org\apache\commons\commons-lang3\3.12.0\commons-lang3-3.12.0.jar;"/>
    <property name="sun.cpu.endian" value="little"/>
    <property name="user.home" value="C:\Users\sjakhar"/>
    <property name="user.language" value="en"/>
    <property name="java.specification.vendor" value="Oracle Corporation"/>
    <property name="java.version.date" value="2023-01-17"/>
    <property name="java.home" value="C:\Program Files\Java\jdk-11"/>
    <property name="file.separator" value="\"/>
    <property name="basedir" value="C:\Users\sjakhar\GitProjects\digital-aem-sscp\core"/>
    <property name="java.vm.compressedOopsMode" value="Zero based"/>
    <property name="line.separator" value="&#10;"/>
    <property name="java.specification.name" value="Java Platform API Specification"/>
    <property name="java.vm.specification.vendor" value="Oracle Corporation"/>
    <property name="java.awt.graphicsenv" value="sun.awt.Win32GraphicsEnvironment"/>
    <property name="user.script" value=""/>
    <property name="sun.management.compiler" value="HotSpot 64-Bit Tiered Compilers"/>
    <property name="java.runtime.version" value="11.0.18+9-LTS-195"/>
    <property name="user.name" value="SJAKHAR"/>
    <property name="path.separator" value=";"/>
    <property name="os.version" value="10.0"/>
    <property name="java.runtime.name" value="Java(TM) SE Runtime Environment"/>
    <property name="file.encoding" value="Cp1252"/>
    <property name="java.vm.name" value="Java HotSpot(TM) 64-Bit Server VM"/>
    <property name="java.vendor.version" value="18.9"/>
    <property name="localRepository" value="C:\Users\sjakhar\.m2\repository"/>
    <property name="java.vendor.url.bug" value="https://bugreport.java.com/bugreport/"/>
    <property name="java.io.tmpdir" value="C:\Users\sjakhar\AppData\Local\Temp\"/>
    <property name="java.version" value="11.0.18"/>
    <property name="user.dir" value="C:\Users\sjakhar\GitProjects\digital-aem-sscp\core"/>
    <property name="os.arch" value="amd64"/>
    <property name="java.vm.specification.name" value="Java Virtual Machine Specification"/>
    <property name="java.awt.printerjob" value="sun.awt.windows.WPrinterJob"/>
    <property name="sun.os.patch.level" value=""/>
    <property name="java.library.path" value="C:\Program Files\Java\jdk-11\bin;C:\WINDOWS\Sun\Java\bin;C:\WINDOWS\system32;C:\WINDOWS;C:\Users\sjakhar\bin;C:\Users\sjakhar\AppData\Local\Programs\Git\mingw64\bin;C:\Users\sjakhar\AppData\Local\Programs\Git\usr\local\bin;C:\Users\sjakhar\AppData\Local\Programs\Git\usr\bin;C:\Users\sjakhar\AppData\Local\Programs\Git\usr\bin;C:\Users\sjakhar\AppData\Local\Programs\Git\mingw64\bin;C:\Users\sjakhar\AppData\Local\Programs\Git\usr\bin;C:\Users\sjakhar\bin;C:\Program Files\Common Files\Oracle\Java\javapath;C:\WINDOWS\system32;C:\WINDOWS;C:\WINDOWS\System32\Wbem;C:\WINDOWS\System32\WindowsPowerShell\v1.0;C:\ProgramData\chocolatey\bin;C:\Program Files\Maven\apache-maven-3.8.6\bin;C:\Program Files\nodejs;C:\Users\sjakhar\AppData\Local\Microsoft\WindowsApps;C:\Users\sjakhar\AppData\Local\Programs\Microsoft VS Code\bin;C:\Users\sjakhar\AppData\Local\Programs\Git\cmd;C:\Users\sjakhar\AppData\Roaming\npm;C:\Users\sjakhar\AppData\Local\GitHubDesktop\bin;C:\Users\sjakhar\AppData\Local\Programs\Git\usr\bin\vendor_perl;C:\Users\sjakhar\AppData\Local\Programs\Git\usr\bin\core_perl;."/>
    <property name="java.vendor" value="Oracle Corporation"/>
    <property name="java.vm.info" value="mixed mode"/>
    <property name="java.vm.version" value="11.0.18+9-LTS-195"/>
    <property name="sun.io.unicode.encoding" value="UnicodeLittle"/>
    <property name="enforcer.skip" value="true"/>
    <property name="java.class.version" value="55.0"/>
  </properties>
  <testcase name="testShortExtensionlessMappings" classname="com.sscp.core.mock.JcrResourceResolverTest" time="0.095"/>
</testsuite>